2022-10-13 15:31:49,295 - train - INFO - reactnet(
  (conv1): firstconv3x3(
    (conv1): Conv2d(3, 32, kernel_size=(3, 3), stride=(2, 2), padding=(1, 1), bias=False)
    (bn1): BatchNorm2d(32, eps=1e-05, momentum=0.1, affine=True, track_running_stats=True)
  )
  (feature): ModuleList()
  (shared_backbone): Sequential(
    (0): BasicBlock(
      (move11): LearnableBias()
      (binary_3x3): BinaryConv2d(32, 32, kernel_size=(3, 3), stride=(1, 1), padding=(1, 1), bias=False)
      (bn1): BatchNorm2d(32, eps=1e-05, momentum=0.1, affine=True, track_running_stats=True)
      (move12): LearnableBias()
      (prelu1): PReLU(num_parameters=32)
      (move13): LearnableBias()
      (move21): LearnableBias()
      (binary_pw_down1): BinaryConv2d(32, 32, kernel_size=(1, 1), stride=(1, 1), bias=False)
      (binary_pw_down2): BinaryConv2d(32, 32, kernel_size=(1, 1), stride=(1, 1), bias=False)
      (bn2_1): BatchNorm2d(32, eps=1e-05, momentum=0.1, affine=True, track_running_stats=True)
      (bn2_2): BatchNorm2d(32, eps=1e-05, momentum=0.1, affine=True, track_running_stats=True)
      (move22): LearnableBias()
      (prelu2): PReLU(num_parameters=64)
      (move23): LearnableBias()
      (pooling): AvgPool2d(kernel_size=2, stride=2, padding=0)
    )
    (1): BasicBlock(
      (move11): LearnableBias()
      (binary_3x3): BinaryConv2d(64, 64, kernel_size=(3, 3), stride=(2, 2), padding=(1, 1), bias=False)
      (bn1): BatchNorm2d(64, eps=1e-05, momentum=0.1, affine=True, track_running_stats=True)
      (move12): LearnableBias()
      (prelu1): PReLU(num_parameters=64)
      (move13): LearnableBias()
      (move21): LearnableBias()
      (binary_pw_down1): BinaryConv2d(64, 64, kernel_size=(1, 1), stride=(1, 1), bias=False)
      (binary_pw_down2): BinaryConv2d(64, 64, kernel_size=(1, 1), stride=(1, 1), bias=False)
      (bn2_1): BatchNorm2d(64, eps=1e-05, momentum=0.1, affine=True, track_running_stats=True)
      (bn2_2): BatchNorm2d(64, eps=1e-05, momentum=0.1, affine=True, track_running_stats=True)
      (move22): LearnableBias()
      (prelu2): PReLU(num_parameters=128)
      (move23): LearnableBias()
      (pooling): AvgPool2d(kernel_size=2, stride=2, padding=0)
    )
    (2): BasicBlock(
      (move11): LearnableBias()
      (binary_3x3): BinaryConv2d(128, 128, kernel_size=(3, 3), stride=(1, 1), padding=(1, 1), bias=False)
      (bn1): BatchNorm2d(128, eps=1e-05, momentum=0.1, affine=True, track_running_stats=True)
      (move12): LearnableBias()
      (prelu1): PReLU(num_parameters=128)
      (move13): LearnableBias()
      (move21): LearnableBias()
      (binary_pw): BinaryConv2d(128, 128, kernel_size=(1, 1), stride=(1, 1), bias=False)
      (bn2): BatchNorm2d(128, eps=1e-05, momentum=0.1, affine=True, track_running_stats=True)
      (move22): LearnableBias()
      (prelu2): PReLU(num_parameters=128)
      (move23): LearnableBias()
    )
    (3): BasicBlock(
      (move11): LearnableBias()
      (binary_3x3): BinaryConv2d(128, 128, kernel_size=(3, 3), stride=(2, 2), padding=(1, 1), bias=False)
      (bn1): BatchNorm2d(128, eps=1e-05, momentum=0.1, affine=True, track_running_stats=True)
      (move12): LearnableBias()
      (prelu1): PReLU(num_parameters=128)
      (move13): LearnableBias()
      (move21): LearnableBias()
      (binary_pw_down1): BinaryConv2d(128, 128, kernel_size=(1, 1), stride=(1, 1), bias=False)
      (binary_pw_down2): BinaryConv2d(128, 128, kernel_size=(1, 1), stride=(1, 1), bias=False)
      (bn2_1): BatchNorm2d(128, eps=1e-05, momentum=0.1, affine=True, track_running_stats=True)
      (bn2_2): BatchNorm2d(128, eps=1e-05, momentum=0.1, affine=True, track_running_stats=True)
      (move22): LearnableBias()
      (prelu2): PReLU(num_parameters=256)
      (move23): LearnableBias()
      (pooling): AvgPool2d(kernel_size=2, stride=2, padding=0)
    )
    (4): BasicBlock(
      (move11): LearnableBias()
      (binary_3x3): BinaryConv2d(256, 256, kernel_size=(3, 3), stride=(1, 1), padding=(1, 1), bias=False)
      (bn1): BatchNorm2d(256, eps=1e-05, momentum=0.1, affine=True, track_running_stats=True)
      (move12): LearnableBias()
      (prelu1): PReLU(num_parameters=256)
      (move13): LearnableBias()
      (move21): LearnableBias()
      (binary_pw): BinaryConv2d(256, 256, kernel_size=(1, 1), stride=(1, 1), bias=False)
      (bn2): BatchNorm2d(256, eps=1e-05, momentum=0.1, affine=True, track_running_stats=True)
      (move22): LearnableBias()
      (prelu2): PReLU(num_parameters=256)
      (move23): LearnableBias()
    )
    (5): BasicBlock(
      (move11): LearnableBias()
      (binary_3x3): BinaryConv2d(256, 256, kernel_size=(3, 3), stride=(2, 2), padding=(1, 1), bias=False)
      (bn1): BatchNorm2d(256, eps=1e-05, momentum=0.1, affine=True, track_running_stats=True)
      (move12): LearnableBias()
      (prelu1): PReLU(num_parameters=256)
      (move13): LearnableBias()
      (move21): LearnableBias()
      (binary_pw_down1): BinaryConv2d(256, 256, kernel_size=(1, 1), stride=(1, 1), bias=False)
      (binary_pw_down2): BinaryConv2d(256, 256, kernel_size=(1, 1), stride=(1, 1), bias=False)
      (bn2_1): BatchNorm2d(256, eps=1e-05, momentum=0.1, affine=True, track_running_stats=True)
      (bn2_2): BatchNorm2d(256, eps=1e-05, momentum=0.1, affine=True, track_running_stats=True)
      (move22): LearnableBias()
      (prelu2): PReLU(num_parameters=512)
      (move23): LearnableBias()
      (pooling): AvgPool2d(kernel_size=2, stride=2, padding=0)
    )
    (6): BasicBlock(
      (move11): LearnableBias()
      (binary_3x3): BinaryConv2d(512, 512, kernel_size=(3, 3), stride=(1, 1), padding=(1, 1), bias=False)
      (bn1): BatchNorm2d(512, eps=1e-05, momentum=0.1, affine=True, track_running_stats=True)
      (move12): LearnableBias()
      (prelu1): PReLU(num_parameters=512)
      (move13): LearnableBias()
      (move21): LearnableBias()
      (binary_pw): BinaryConv2d(512, 512, kernel_size=(1, 1), stride=(1, 1), bias=False)
      (bn2): BatchNorm2d(512, eps=1e-05, momentum=0.1, affine=True, track_running_stats=True)
      (move22): LearnableBias()
      (prelu2): PReLU(num_parameters=512)
      (move23): LearnableBias()
    )
  )
  (experts): ModuleList(
    (0): Sequential(
      (0): BasicBlock(
        (move11): LearnableBias()
        (binary_3x3): BinaryConv2d(512, 512, kernel_size=(3, 3), stride=(1, 1), padding=(1, 1), bias=False)
        (bn1): BatchNorm2d(512, eps=1e-05, momentum=0.1, affine=True, track_running_stats=True)
        (move12): LearnableBias()
        (prelu1): PReLU(num_parameters=512)
        (move13): LearnableBias()
        (move21): LearnableBias()
        (binary_pw): BinaryConv2d(512, 512, kernel_size=(1, 1), stride=(1, 1), bias=False)
        (bn2): BatchNorm2d(512, eps=1e-05, momentum=0.1, affine=True, track_running_stats=True)
        (move22): LearnableBias()
        (prelu2): PReLU(num_parameters=512)
        (move23): LearnableBias()
      )
      (1): BasicBlock(
        (move11): LearnableBias()
        (binary_3x3): BinaryConv2d(512, 512, kernel_size=(3, 3), stride=(1, 1), padding=(1, 1), bias=False)
        (bn1): BatchNorm2d(512, eps=1e-05, momentum=0.1, affine=True, track_running_stats=True)
        (move12): LearnableBias()
        (prelu1): PReLU(num_parameters=512)
        (move13): LearnableBias()
        (move21): LearnableBias()
        (binary_pw): BinaryConv2d(512, 512, kernel_size=(1, 1), stride=(1, 1), bias=False)
        (bn2): BatchNorm2d(512, eps=1e-05, momentum=0.1, affine=True, track_running_stats=True)
        (move22): LearnableBias()
        (prelu2): PReLU(num_parameters=512)
        (move23): LearnableBias()
      )
      (2): BasicBlock(
        (move11): LearnableBias()
        (binary_3x3): BinaryConv2d(512, 512, kernel_size=(3, 3), stride=(1, 1), padding=(1, 1), bias=False)
        (bn1): BatchNorm2d(512, eps=1e-05, momentum=0.1, affine=True, track_running_stats=True)
        (move12): LearnableBias()
        (prelu1): PReLU(num_parameters=512)
        (move13): LearnableBias()
        (move21): LearnableBias()
        (binary_pw): BinaryConv2d(512, 512, kernel_size=(1, 1), stride=(1, 1), bias=False)
        (bn2): BatchNorm2d(512, eps=1e-05, momentum=0.1, affine=True, track_running_stats=True)
        (move22): LearnableBias()
        (prelu2): PReLU(num_parameters=512)
        (move23): LearnableBias()
      )
      (3): BasicBlock(
        (move11): LearnableBias()
        (binary_3x3): BinaryConv2d(512, 512, kernel_size=(3, 3), stride=(1, 1), padding=(1, 1), bias=False)
        (bn1): BatchNorm2d(512, eps=1e-05, momentum=0.1, affine=True, track_running_stats=True)
        (move12): LearnableBias()
        (prelu1): PReLU(num_parameters=512)
        (move13): LearnableBias()
        (move21): LearnableBias()
        (binary_pw): BinaryConv2d(512, 512, kernel_size=(1, 1), stride=(1, 1), bias=False)
        (bn2): BatchNorm2d(512, eps=1e-05, momentum=0.1, affine=True, track_running_stats=True)
        (move22): LearnableBias()
        (prelu2): PReLU(num_parameters=512)
        (move23): LearnableBias()
      )
      (4): BasicBlock(
        (move11): LearnableBias()
        (binary_3x3): BinaryConv2d(512, 512, kernel_size=(3, 3), stride=(2, 2), padding=(1, 1), bias=False)
        (bn1): BatchNorm2d(512, eps=1e-05, momentum=0.1, affine=True, track_running_stats=True)
        (move12): LearnableBias()
        (prelu1): PReLU(num_parameters=512)
        (move13): LearnableBias()
        (move21): LearnableBias()
        (binary_pw_down1): BinaryConv2d(512, 512, kernel_size=(1, 1), stride=(1, 1), bias=False)
        (binary_pw_down2): BinaryConv2d(512, 512, kernel_size=(1, 1), stride=(1, 1), bias=False)
        (bn2_1): BatchNorm2d(512, eps=1e-05, momentum=0.1, affine=True, track_running_stats=True)
        (bn2_2): BatchNorm2d(512, eps=1e-05, momentum=0.1, affine=True, track_running_stats=True)
        (move22): LearnableBias()
        (prelu2): PReLU(num_parameters=1024)
        (move23): LearnableBias()
        (pooling): AvgPool2d(kernel_size=2, stride=2, padding=0)
      )
      (5): BasicBlock(
        (move11): LearnableBias()
        (binary_3x3): BinaryConv2d(1024, 1024, kernel_size=(3, 3), stride=(1, 1), padding=(1, 1), bias=False)
        (bn1): BatchNorm2d(1024, eps=1e-05, momentum=0.1, affine=True, track_running_stats=True)
        (move12): LearnableBias()
        (prelu1): PReLU(num_parameters=1024)
        (move13): LearnableBias()
        (move21): LearnableBias()
        (binary_pw): BinaryConv2d(1024, 1024, kernel_size=(1, 1), stride=(1, 1), bias=False)
        (bn2): BatchNorm2d(1024, eps=1e-05, momentum=0.1, affine=True, track_running_stats=True)
        (move22): LearnableBias()
        (prelu2): PReLU(num_parameters=1024)
        (move23): LearnableBias()
      )
    )
    (1): Sequential(
      (0): BasicBlock(
        (move11): LearnableBias()
        (binary_3x3): BinaryConv2d(512, 512, kernel_size=(3, 3), stride=(1, 1), padding=(1, 1), bias=False)
        (bn1): BatchNorm2d(512, eps=1e-05, momentum=0.1, affine=True, track_running_stats=True)
        (move12): LearnableBias()
        (prelu1): PReLU(num_parameters=512)
        (move13): LearnableBias()
        (move21): LearnableBias()
        (binary_pw): BinaryConv2d(512, 512, kernel_size=(1, 1), stride=(1, 1), bias=False)
        (bn2): BatchNorm2d(512, eps=1e-05, momentum=0.1, affine=True, track_running_stats=True)
        (move22): LearnableBias()
        (prelu2): PReLU(num_parameters=512)
        (move23): LearnableBias()
      )
      (1): BasicBlock(
        (move11): LearnableBias()
        (binary_3x3): BinaryConv2d(512, 512, kernel_size=(3, 3), stride=(1, 1), padding=(1, 1), bias=False)
        (bn1): BatchNorm2d(512, eps=1e-05, momentum=0.1, affine=True, track_running_stats=True)
        (move12): LearnableBias()
        (prelu1): PReLU(num_parameters=512)
        (move13): LearnableBias()
        (move21): LearnableBias()
        (binary_pw): BinaryConv2d(512, 512, kernel_size=(1, 1), stride=(1, 1), bias=False)
        (bn2): BatchNorm2d(512, eps=1e-05, momentum=0.1, affine=True, track_running_stats=True)
        (move22): LearnableBias()
        (prelu2): PReLU(num_parameters=512)
        (move23): LearnableBias()
      )
      (2): BasicBlock(
        (move11): LearnableBias()
        (binary_3x3): BinaryConv2d(512, 512, kernel_size=(3, 3), stride=(1, 1), padding=(1, 1), bias=False)
        (bn1): BatchNorm2d(512, eps=1e-05, momentum=0.1, affine=True, track_running_stats=True)
        (move12): LearnableBias()
        (prelu1): PReLU(num_parameters=512)
        (move13): LearnableBias()
        (move21): LearnableBias()
        (binary_pw): BinaryConv2d(512, 512, kernel_size=(1, 1), stride=(1, 1), bias=False)
        (bn2): BatchNorm2d(512, eps=1e-05, momentum=0.1, affine=True, track_running_stats=True)
        (move22): LearnableBias()
        (prelu2): PReLU(num_parameters=512)
        (move23): LearnableBias()
      )
      (3): BasicBlock(
        (move11): LearnableBias()
        (binary_3x3): BinaryConv2d(512, 512, kernel_size=(3, 3), stride=(1, 1), padding=(1, 1), bias=False)
        (bn1): BatchNorm2d(512, eps=1e-05, momentum=0.1, affine=True, track_running_stats=True)
        (move12): LearnableBias()
        (prelu1): PReLU(num_parameters=512)
        (move13): LearnableBias()
        (move21): LearnableBias()
        (binary_pw): BinaryConv2d(512, 512, kernel_size=(1, 1), stride=(1, 1), bias=False)
        (bn2): BatchNorm2d(512, eps=1e-05, momentum=0.1, affine=True, track_running_stats=True)
        (move22): LearnableBias()
        (prelu2): PReLU(num_parameters=512)
        (move23): LearnableBias()
      )
      (4): BasicBlock(
        (move11): LearnableBias()
        (binary_3x3): BinaryConv2d(512, 512, kernel_size=(3, 3), stride=(2, 2), padding=(1, 1), bias=False)
        (bn1): BatchNorm2d(512, eps=1e-05, momentum=0.1, affine=True, track_running_stats=True)
        (move12): LearnableBias()
        (prelu1): PReLU(num_parameters=512)
        (move13): LearnableBias()
        (move21): LearnableBias()
        (binary_pw_down1): BinaryConv2d(512, 512, kernel_size=(1, 1), stride=(1, 1), bias=False)
        (binary_pw_down2): BinaryConv2d(512, 512, kernel_size=(1, 1), stride=(1, 1), bias=False)
        (bn2_1): BatchNorm2d(512, eps=1e-05, momentum=0.1, affine=True, track_running_stats=True)
        (bn2_2): BatchNorm2d(512, eps=1e-05, momentum=0.1, affine=True, track_running_stats=True)
        (move22): LearnableBias()
        (prelu2): PReLU(num_parameters=1024)
        (move23): LearnableBias()
        (pooling): AvgPool2d(kernel_size=2, stride=2, padding=0)
      )
      (5): BasicBlock(
        (move11): LearnableBias()
        (binary_3x3): BinaryConv2d(1024, 1024, kernel_size=(3, 3), stride=(1, 1), padding=(1, 1), bias=False)
        (bn1): BatchNorm2d(1024, eps=1e-05, momentum=0.1, affine=True, track_running_stats=True)
        (move12): LearnableBias()
        (prelu1): PReLU(num_parameters=1024)
        (move13): LearnableBias()
        (move21): LearnableBias()
        (binary_pw): BinaryConv2d(1024, 1024, kernel_size=(1, 1), stride=(1, 1), bias=False)
        (bn2): BatchNorm2d(1024, eps=1e-05, momentum=0.1, affine=True, track_running_stats=True)
        (move22): LearnableBias()
        (prelu2): PReLU(num_parameters=1024)
        (move23): LearnableBias()
      )
    )
    (2): Sequential(
      (0): BasicBlock(
        (move11): LearnableBias()
        (binary_3x3): BinaryConv2d(512, 512, kernel_size=(3, 3), stride=(1, 1), padding=(1, 1), bias=False)
        (bn1): BatchNorm2d(512, eps=1e-05, momentum=0.1, affine=True, track_running_stats=True)
        (move12): LearnableBias()
        (prelu1): PReLU(num_parameters=512)
        (move13): LearnableBias()
        (move21): LearnableBias()
        (binary_pw): BinaryConv2d(512, 512, kernel_size=(1, 1), stride=(1, 1), bias=False)
        (bn2): BatchNorm2d(512, eps=1e-05, momentum=0.1, affine=True, track_running_stats=True)
        (move22): LearnableBias()
        (prelu2): PReLU(num_parameters=512)
        (move23): LearnableBias()
      )
      (1): BasicBlock(
        (move11): LearnableBias()
        (binary_3x3): BinaryConv2d(512, 512, kernel_size=(3, 3), stride=(1, 1), padding=(1, 1), bias=False)
        (bn1): BatchNorm2d(512, eps=1e-05, momentum=0.1, affine=True, track_running_stats=True)
        (move12): LearnableBias()
        (prelu1): PReLU(num_parameters=512)
        (move13): LearnableBias()
        (move21): LearnableBias()
        (binary_pw): BinaryConv2d(512, 512, kernel_size=(1, 1), stride=(1, 1), bias=False)
        (bn2): BatchNorm2d(512, eps=1e-05, momentum=0.1, affine=True, track_running_stats=True)
        (move22): LearnableBias()
        (prelu2): PReLU(num_parameters=512)
        (move23): LearnableBias()
      )
      (2): BasicBlock(
        (move11): LearnableBias()
        (binary_3x3): BinaryConv2d(512, 512, kernel_size=(3, 3), stride=(1, 1), padding=(1, 1), bias=False)
        (bn1): BatchNorm2d(512, eps=1e-05, momentum=0.1, affine=True, track_running_stats=True)
        (move12): LearnableBias()
        (prelu1): PReLU(num_parameters=512)
        (move13): LearnableBias()
        (move21): LearnableBias()
        (binary_pw): BinaryConv2d(512, 512, kernel_size=(1, 1), stride=(1, 1), bias=False)
        (bn2): BatchNorm2d(512, eps=1e-05, momentum=0.1, affine=True, track_running_stats=True)
        (move22): LearnableBias()
        (prelu2): PReLU(num_parameters=512)
        (move23): LearnableBias()
      )
      (3): BasicBlock(
        (move11): LearnableBias()
        (binary_3x3): BinaryConv2d(512, 512, kernel_size=(3, 3), stride=(1, 1), padding=(1, 1), bias=False)
        (bn1): BatchNorm2d(512, eps=1e-05, momentum=0.1, affine=True, track_running_stats=True)
        (move12): LearnableBias()
        (prelu1): PReLU(num_parameters=512)
        (move13): LearnableBias()
        (move21): LearnableBias()
        (binary_pw): BinaryConv2d(512, 512, kernel_size=(1, 1), stride=(1, 1), bias=False)
        (bn2): BatchNorm2d(512, eps=1e-05, momentum=0.1, affine=True, track_running_stats=True)
        (move22): LearnableBias()
        (prelu2): PReLU(num_parameters=512)
        (move23): LearnableBias()
      )
      (4): BasicBlock(
        (move11): LearnableBias()
        (binary_3x3): BinaryConv2d(512, 512, kernel_size=(3, 3), stride=(2, 2), padding=(1, 1), bias=False)
        (bn1): BatchNorm2d(512, eps=1e-05, momentum=0.1, affine=True, track_running_stats=True)
        (move12): LearnableBias()
        (prelu1): PReLU(num_parameters=512)
        (move13): LearnableBias()
        (move21): LearnableBias()
        (binary_pw_down1): BinaryConv2d(512, 512, kernel_size=(1, 1), stride=(1, 1), bias=False)
        (binary_pw_down2): BinaryConv2d(512, 512, kernel_size=(1, 1), stride=(1, 1), bias=False)
        (bn2_1): BatchNorm2d(512, eps=1e-05, momentum=0.1, affine=True, track_running_stats=True)
        (bn2_2): BatchNorm2d(512, eps=1e-05, momentum=0.1, affine=True, track_running_stats=True)
        (move22): LearnableBias()
        (prelu2): PReLU(num_parameters=1024)
        (move23): LearnableBias()
        (pooling): AvgPool2d(kernel_size=2, stride=2, padding=0)
      )
      (5): BasicBlock(
        (move11): LearnableBias()
        (binary_3x3): BinaryConv2d(1024, 1024, kernel_size=(3, 3), stride=(1, 1), padding=(1, 1), bias=False)
        (bn1): BatchNorm2d(1024, eps=1e-05, momentum=0.1, affine=True, track_running_stats=True)
        (move12): LearnableBias()
        (prelu1): PReLU(num_parameters=1024)
        (move13): LearnableBias()
        (move21): LearnableBias()
        (binary_pw): BinaryConv2d(1024, 1024, kernel_size=(1, 1), stride=(1, 1), bias=False)
        (bn2): BatchNorm2d(1024, eps=1e-05, momentum=0.1, affine=True, track_running_stats=True)
        (move22): LearnableBias()
        (prelu2): PReLU(num_parameters=1024)
        (move23): LearnableBias()
      )
    )
  )
  (linears): ModuleList(
    (0): Linear(in_features=1024, out_features=1000, bias=True)
    (1): Linear(in_features=1024, out_features=1000, bias=True)
    (2): Linear(in_features=1024, out_features=1000, bias=True)
  )
)
